<?xml version="1.0" encoding="UTF-8"?>
<!-- Generated by org.testng.reporters.JUnitReportReporter -->
<testsuite skipped="0" hostname="DESKTOP-PV5T3HC" name="com.test.GoogleTest" tests="6" failures="0" timestamp="2021-04-08T19:51:14 IST" time="23.359" errors="0">
  <testcase name="googleTitleTest" time="6.438" classname="com.test.GoogleTest"/>
  <system-out/>
  <testcase name="googleLogoTest" time="3.516" classname="com.test.GoogleTest"/>
  <system-out/>
  <testcase name="mailLinkTest" time="3.499" classname="com.test.GoogleTest"/>
  <system-out/>
  <testcase name="test1" time="3.311" classname="com.test.GoogleTest"/>
  <system-out/>
  <testcase name="test2" time="3.306" classname="com.test.GoogleTest"/>
  <system-out/>
  <testcase name="test3" time="3.289" classname="com.test.GoogleTest"/>
  <system-out/>
</testsuite> <!-- com.test.GoogleTest -->
