<?xml version="1.0" encoding="UTF-8"?>
<!-- Generated by org.testng.reporters.JUnitReportReporter -->
<testsuite skipped="1" hostname="DESKTOP-PV5T3HC" name="HashMapInSelenium.HashMapTest" tests="2" failures="0" timestamp="2020-06-22T19:31:58 IST" time="11.735" errors="0">
  <testcase name="testLoginWithAdmin" time="11.735" classname="HashMapInSelenium.HashMapTest"/>
  <system-out/>
  <testcase name="testLoginWithCustomer" classname="HashMapInSelenium.HashMapTest">
    <skipped/>
  </testcase> <!-- testLoginWithCustomer -->
  <system-out/>
</testsuite> <!-- HashMapInSelenium.HashMapTest -->
