<?xml version="1.0" encoding="UTF-8"?>
<!-- Generated by org.testng.reporters.JUnitReportReporter -->
<testsuite skipped="0" hostname="DESKTOP-PV5T3HC" name="com.test.TestNgBasics" tests="3" failures="0" timestamp="2020-06-19T14:18:44 IST" time="0.022" errors="0">
  <testcase name="logoTest" time="0.010" classname="com.test.TestNgBasics"/>
  <system-out/>
  <testcase name="searchTest" time="0.006" classname="com.test.TestNgBasics"/>
  <system-out/>
  <testcase name="titleTest" time="0.006" classname="com.test.TestNgBasics"/>
  <system-out/>
</testsuite> <!-- com.test.TestNgBasics -->
