<?xml version="1.0" encoding="UTF-8"?>
<!-- Generated by org.testng.reporters.JUnitReportReporter -->
<testsuite skipped="0" hostname="DESKTOP-PV5T3HC" name="com.test.ExceptionTimeOutTest" tests="1" failures="0" timestamp="2021-04-08T19:59:14 IST" time="0.015" errors="0">
  <testcase name="test1" time="0.015" classname="com.test.ExceptionTimeOutTest"/>
  <system-out/>
</testsuite> <!-- com.test.ExceptionTimeOutTest -->
